2024-06-26 14:15:55,559 - backend.util - INFO - Changes: ['Module index 3 (slot 3), channel 0: activated changed from False to True']
2024-06-26 14:15:55,560 - backend.modules.dac4D - INFO - turning on 0 or already on
2024-06-26 14:15:56,578 - backend.util - INFO - Changes: ['Module index 3 (slot 3), channel 0: bias_voltage changed from 0.0 to 0.1']
2024-06-26 14:15:56,578 - backend.modules.dac4D - INFO - turning on 0 or already on
2024-06-26 14:15:56,634 - backend.util - INFO - Changes: ['Module index 3 (slot 3), channel 0: bias_voltage changed from 0.1 to 0.2']
2024-06-26 14:15:56,634 - backend.modules.dac4D - INFO - turning on 0 or already on
2024-06-26 14:15:56,768 - backend.util - INFO - Changes: ['Module index 3 (slot 3), channel 0: bias_voltage changed from 0.2 to 0.3']
2024-06-26 14:15:56,768 - backend.modules.dac4D - INFO - turning on 0 or already on
2024-06-26 14:15:57,074 - backend.util - INFO - Changes: ['Module index 3 (slot 3), channel 0: bias_voltage changed from 0.3 to 0.31']
2024-06-26 14:15:57,075 - backend.modules.dac4D - INFO - turning on 0 or already on
2024-06-26 14:15:57,114 - backend.util - INFO - Changes: ['Module index 3 (slot 3), channel 0: bias_voltage changed from 0.31 to 0.32']
2024-06-26 14:15:57,114 - backend.modules.dac4D - INFO - turning on 0 or already on
2024-06-26 14:15:57,194 - backend.util - INFO - Changes: ['Module index 3 (slot 3), channel 0: bias_voltage changed from 0.32 to 0.33']
2024-06-26 14:15:57,194 - backend.modules.dac4D - INFO - turning on 0 or already on
2024-06-26 14:15:57,530 - backend.util - INFO - Changes: ['Module index 3 (slot 3), channel 0: bias_voltage changed from 0.33 to 0.331']
2024-06-26 14:15:57,530 - backend.modules.dac4D - INFO - turning on 0 or already on
2024-06-26 14:15:57,578 - backend.util - INFO - Changes: ['Module index 3 (slot 3), channel 0: bias_voltage changed from 0.331 to 0.332']
2024-06-26 14:15:57,578 - backend.modules.dac4D - INFO - turning on 0 or already on
2024-06-26 14:15:57,628 - backend.util - INFO - Changes: ['Module index 3 (slot 3), channel 0: bias_voltage changed from 0.332 to 0.333']
2024-06-26 14:15:57,628 - backend.modules.dac4D - INFO - turning on 0 or already on
2024-06-26 14:15:57,996 - backend.util - INFO - Changes: ['Module index 3 (slot 3), channel 0: bias_voltage changed from 0.333 to 0.343']
2024-06-26 14:15:57,997 - backend.modules.dac4D - INFO - turning on 0 or already on
2024-06-26 14:15:58,044 - backend.util - INFO - Changes: ['Module index 3 (slot 3), channel 0: bias_voltage changed from 0.343 to 0.353']
2024-06-26 14:15:58,044 - backend.modules.dac4D - INFO - turning on 0 or already on
2024-06-26 14:15:58,144 - backend.util - INFO - Changes: ['Module index 3 (slot 3), channel 0: bias_voltage changed from 0.353 to 0.363']
2024-06-26 14:15:58,144 - backend.modules.dac4D - INFO - turning on 0 or already on
2024-06-26 14:15:58,562 - backend.util - INFO - Changes: ['Module index 3 (slot 3), channel 0: bias_voltage changed from 0.363 to 0.463']
2024-06-26 14:15:58,562 - backend.modules.dac4D - INFO - turning on 0 or already on
2024-06-26 14:15:58,613 - backend.util - INFO - Changes: ['Module index 3 (slot 3), channel 0: bias_voltage changed from 0.463 to 0.563']
2024-06-26 14:15:58,613 - backend.modules.dac4D - INFO - turning on 0 or already on
2024-06-26 14:15:58,731 - backend.util - INFO - Changes: ['Module index 3 (slot 3), channel 0: bias_voltage changed from 0.563 to 0.663']
2024-06-26 14:15:58,731 - backend.modules.dac4D - INFO - turning on 0 or already on
2024-06-26 14:15:59,695 - backend.util - INFO - Changes: ['Module index 3 (slot 3), channel 0: bias_voltage changed from 0.663 to 1.663']
2024-06-26 14:15:59,695 - backend.modules.dac4D - INFO - turning on 0 or already on
2024-06-26 14:15:59,728 - backend.util - INFO - Changes: ['Module index 3 (slot 3), channel 0: bias_voltage changed from 1.663 to 2.663']
2024-06-26 14:15:59,729 - backend.modules.dac4D - INFO - turning on 0 or already on
2024-06-26 14:15:59,852 - backend.util - INFO - Changes: ['Module index 3 (slot 3), channel 0: bias_voltage changed from 2.663 to 3.663']
2024-06-26 14:15:59,853 - backend.modules.dac4D - INFO - turning on 0 or already on
2024-06-26 14:16:00,038 - backend.util - INFO - Changes: ['Module index 3 (slot 3), channel 0: bias_voltage changed from 3.663 to 4.663']
2024-06-26 14:16:00,038 - backend.modules.dac4D - INFO - turning on 0 or already on
2024-06-26 14:16:01,616 - backend.util - INFO - Changes: ['Module index 3 (slot 3), channel 2: activated changed from False to True']
2024-06-26 14:16:01,616 - backend.modules.dac4D - INFO - turning on 2 or already on
2024-06-26 14:16:04,730 - backend.util - INFO - Changes: ['Module index 3 (slot 3), channel 2: heading_text changed from  to Peacoq']
2024-06-26 14:16:04,730 - backend.modules.dac4D - INFO - turning on 2 or already on
2024-06-26 14:16:10,204 - backend.util - INFO - Changes: ['Module index 3 (slot 3), channel 0: heading_text changed from  to NbN Detector']
2024-06-26 14:16:10,205 - backend.modules.dac4D - INFO - turning on 0 or already on
2024-06-26 14:16:37,037 - backend.util - INFO - Changes: ['Module index 4 (slot 4), channel 10: activated changed from True to False']
2024-06-26 14:16:37,038 - backend.modules.dac16D - INFO - change.index: 10
2024-06-26 14:16:37,038 - backend.modules.dac16D - INFO - turning off 10 or already off
2024-06-26 14:16:37,038 - backend.modules.dac16D - INFO - dac_4d.vsource.channels[change.index]: index=10 bias_voltage=0.494 activated=False heading_text='Set Linked Channels' measuring=False
2024-06-26 14:16:40,822 - backend.util - INFO - Changes: ['Module index 4 (slot 4), channel 5: activated changed from True to False']
2024-06-26 14:16:40,822 - backend.modules.dac16D - INFO - change.index: 5
2024-06-26 14:16:40,822 - backend.modules.dac16D - INFO - turning off 5 or already off
2024-06-26 14:16:40,823 - backend.modules.dac16D - INFO - dac_4d.vsource.channels[change.index]: index=5 bias_voltage=0.494 activated=False heading_text='Set Linked Channels' measuring=False
2024-06-26 14:16:44,769 - backend.util - INFO - Changes: ['Module index 4 (slot 4), channel 13: activated changed from True to False']
2024-06-26 14:16:44,769 - backend.modules.dac16D - INFO - change.index: 13
2024-06-26 14:16:44,769 - backend.modules.dac16D - INFO - turning off 13 or already off
2024-06-26 14:16:44,770 - backend.modules.dac16D - INFO - dac_4d.vsource.channels[change.index]: index=13 bias_voltage=0.494 activated=False heading_text='Set Linked Channels' measuring=False
2024-06-26 14:18:38,678 - backend.util - INFO - Changes: ['Module index 3 (slot 3), channel 2: activated changed from True to False']
2024-06-26 14:18:38,679 - backend.modules.dac4D - INFO - turning off 2 or already off
2024-06-26 14:18:38,679 - backend.modules.dac4D - INFO - dac_4d.vsource.channels[change.index]: index=2 bias_voltage=0.0 activated=False heading_text='Peacoq' measuring=False
2024-06-26 14:18:40,085 - backend.util - INFO - Changes: ['Module index 3 (slot 3), channel 2: bias_voltage changed from 0.0 to 0.1']
2024-06-26 14:18:40,086 - backend.modules.dac4D - INFO - turning off 2 or already off
2024-06-26 14:18:40,086 - backend.modules.dac4D - INFO - dac_4d.vsource.channels[change.index]: index=2 bias_voltage=0.1 activated=False heading_text='Peacoq' measuring=False
2024-06-26 14:18:40,136 - backend.util - INFO - Changes: ['Module index 3 (slot 3), channel 2: bias_voltage changed from 0.1 to 0.2']
2024-06-26 14:18:40,137 - backend.modules.dac4D - INFO - turning off 2 or already off
2024-06-26 14:18:40,137 - backend.modules.dac4D - INFO - dac_4d.vsource.channels[change.index]: index=2 bias_voltage=0.2 activated=False heading_text='Peacoq' measuring=False
2024-06-26 14:18:40,186 - backend.util - INFO - Changes: ['Module index 3 (slot 3), channel 2: bias_voltage changed from 0.2 to 0.3']
2024-06-26 14:18:40,186 - backend.modules.dac4D - INFO - turning off 2 or already off
2024-06-26 14:18:40,186 - backend.modules.dac4D - INFO - dac_4d.vsource.channels[change.index]: index=2 bias_voltage=0.3 activated=False heading_text='Peacoq' measuring=False
2024-06-26 14:18:40,290 - backend.util - INFO - Changes: ['Module index 3 (slot 3), channel 2: bias_voltage changed from 0.3 to 0.4']
2024-06-26 14:18:40,291 - backend.modules.dac4D - INFO - turning off 2 or already off
2024-06-26 14:18:40,291 - backend.modules.dac4D - INFO - dac_4d.vsource.channels[change.index]: index=2 bias_voltage=0.4 activated=False heading_text='Peacoq' measuring=False
2024-06-26 14:18:40,655 - backend.util - INFO - Changes: ['Module index 3 (slot 3), channel 2: bias_voltage changed from 0.4 to 0.41']
2024-06-26 14:18:40,656 - backend.modules.dac4D - INFO - turning off 2 or already off
2024-06-26 14:18:40,656 - backend.modules.dac4D - INFO - dac_4d.vsource.channels[change.index]: index=2 bias_voltage=0.41 activated=False heading_text='Peacoq' measuring=False
2024-06-26 14:18:40,703 - backend.util - INFO - Changes: ['Module index 3 (slot 3), channel 2: bias_voltage changed from 0.41 to 0.42']
2024-06-26 14:18:40,704 - backend.modules.dac4D - INFO - turning off 2 or already off
2024-06-26 14:18:40,704 - backend.modules.dac4D - INFO - dac_4d.vsource.channels[change.index]: index=2 bias_voltage=0.42 activated=False heading_text='Peacoq' measuring=False
2024-06-26 14:18:40,756 - backend.util - INFO - Changes: ['Module index 3 (slot 3), channel 2: bias_voltage changed from 0.42 to 0.43']
2024-06-26 14:18:40,757 - backend.modules.dac4D - INFO - turning off 2 or already off
2024-06-26 14:18:40,757 - backend.modules.dac4D - INFO - dac_4d.vsource.channels[change.index]: index=2 bias_voltage=0.43 activated=False heading_text='Peacoq' measuring=False
2024-06-26 14:18:40,806 - backend.util - INFO - Changes: ['Module index 3 (slot 3), channel 2: bias_voltage changed from 0.43 to 0.44']
2024-06-26 14:18:40,807 - backend.modules.dac4D - INFO - turning off 2 or already off
2024-06-26 14:18:40,807 - backend.modules.dac4D - INFO - dac_4d.vsource.channels[change.index]: index=2 bias_voltage=0.44 activated=False heading_text='Peacoq' measuring=False
2024-06-26 14:18:41,190 - backend.util - INFO - Changes: ['Module index 3 (slot 3), channel 2: bias_voltage changed from 0.44 to 0.441']
2024-06-26 14:18:41,190 - backend.modules.dac4D - INFO - turning off 2 or already off
2024-06-26 14:18:41,190 - backend.modules.dac4D - INFO - dac_4d.vsource.channels[change.index]: index=2 bias_voltage=0.441 activated=False heading_text='Peacoq' measuring=False
2024-06-26 14:18:41,223 - backend.util - INFO - Changes: ['Module index 3 (slot 3), channel 2: bias_voltage changed from 0.441 to 0.442']
2024-06-26 14:18:41,223 - backend.modules.dac4D - INFO - turning off 2 or already off
2024-06-26 14:18:41,223 - backend.modules.dac4D - INFO - dac_4d.vsource.channels[change.index]: index=2 bias_voltage=0.442 activated=False heading_text='Peacoq' measuring=False
2024-06-26 14:18:41,271 - backend.util - INFO - Changes: ['Module index 3 (slot 3), channel 2: bias_voltage changed from 0.442 to 0.443']
2024-06-26 14:18:41,272 - backend.modules.dac4D - INFO - turning off 2 or already off
2024-06-26 14:18:41,272 - backend.modules.dac4D - INFO - dac_4d.vsource.channels[change.index]: index=2 bias_voltage=0.443 activated=False heading_text='Peacoq' measuring=False
2024-06-26 14:18:41,304 - backend.util - INFO - Changes: ['Module index 3 (slot 3), channel 2: bias_voltage changed from 0.443 to 0.444']
2024-06-26 14:18:41,305 - backend.modules.dac4D - INFO - turning off 2 or already off
2024-06-26 14:18:41,305 - backend.modules.dac4D - INFO - dac_4d.vsource.channels[change.index]: index=2 bias_voltage=0.444 activated=False heading_text='Peacoq' measuring=False
2024-06-26 14:18:41,405 - backend.util - INFO - Changes: ['Module index 3 (slot 3), channel 2: bias_voltage changed from 0.444 to 0.445']
2024-06-26 14:18:41,406 - backend.modules.dac4D - INFO - turning off 2 or already off
2024-06-26 14:18:41,406 - backend.modules.dac4D - INFO - dac_4d.vsource.channels[change.index]: index=2 bias_voltage=0.445 activated=False heading_text='Peacoq' measuring=False
2024-06-26 14:18:41,783 - backend.util - INFO - Changes: ['Module index 3 (slot 3), channel 2: activated changed from False to True']
2024-06-26 14:18:41,783 - backend.modules.dac4D - INFO - turning on 2 or already on
2024-06-26 14:18:47,441 - backend.util - INFO - Changes: ['Module index 3 (slot 3), channel 2: bias_voltage changed from 0.445 to 4.443']
2024-06-26 14:18:47,442 - backend.modules.dac4D - INFO - turning on 2 or already on
2024-06-26 14:18:50,261 - backend.util - INFO - Changes: ['Module index 3 (slot 3), channel 2: bias_voltage changed from 4.443 to 1.323']
2024-06-26 14:18:50,261 - backend.modules.dac4D - INFO - turning on 2 or already on
2024-06-26 14:19:57,597 - backend.util - INFO - Changes: ['Module index 3 (slot 3), channel 1: measuring changed from False to True']
2024-06-26 14:19:57,597 - backend.modules.dac4D - INFO - turning off 1 or already off
2024-06-26 14:19:57,598 - backend.modules.dac4D - INFO - dac_4d.vsource.channels[change.index]: index=1 bias_voltage=0.0 activated=False heading_text='' measuring=True
2024-06-26 14:19:59,130 - backend.util - INFO - Changes: ['Module index 3 (slot 3), channel 1: measuring changed from True to False']
2024-06-26 14:19:59,131 - backend.modules.dac4D - INFO - turning off 1 or already off
2024-06-26 14:19:59,131 - backend.modules.dac4D - INFO - dac_4d.vsource.channels[change.index]: index=1 bias_voltage=0.0 activated=False heading_text='' measuring=False
2024-06-26 14:20:13,775 - backend.util - INFO - Changes: ['Module index 3 (slot 3), channel 0: activated changed from True to False']
2024-06-26 14:20:13,776 - backend.modules.dac4D - INFO - turning off 0 or already off
2024-06-26 14:20:13,776 - backend.modules.dac4D - INFO - dac_4d.vsource.channels[change.index]: index=0 bias_voltage=4.663 activated=False heading_text='NbN Detector' measuring=False
2024-06-26 14:20:15,511 - backend.util - INFO - Changes: ['Module index 3 (slot 3), channel 0: activated changed from False to True']
2024-06-26 14:20:15,511 - backend.modules.dac4D - INFO - turning on 0 or already on
2024-06-26 14:20:16,947 - backend.util - INFO - Changes: ['Module index 3 (slot 3), channel 0: bias_voltage changed from 4.663 to 4.673']
2024-06-26 14:20:16,948 - backend.modules.dac4D - INFO - turning on 0 or already on
2024-06-26 14:20:17,051 - backend.util - INFO - Changes: ['Module index 3 (slot 3), channel 0: bias_voltage changed from 4.673 to 4.683']
2024-06-26 14:20:17,052 - backend.modules.dac4D - INFO - turning on 0 or already on
2024-06-26 14:20:17,150 - backend.util - INFO - Changes: ['Module index 3 (slot 3), channel 0: bias_voltage changed from 4.683 to 4.693']
2024-06-26 14:20:17,150 - backend.modules.dac4D - INFO - turning on 0 or already on
2024-06-26 14:20:17,563 - backend.util - INFO - Changes: ['Module index 3 (slot 3), channel 0: bias_voltage changed from 4.693 to 4.694']
2024-06-26 14:20:17,563 - backend.modules.dac4D - INFO - turning on 0 or already on
2024-06-26 14:20:17,672 - backend.util - INFO - Changes: ['Module index 3 (slot 3), channel 0: bias_voltage changed from 4.694 to 4.695']
2024-06-26 14:20:17,673 - backend.modules.dac4D - INFO - turning on 0 or already on
2024-06-26 14:20:19,421 - backend.util - INFO - Changes: ['Module index 3 (slot 3), channel 0: activated changed from True to False']
2024-06-26 14:20:19,422 - backend.modules.dac4D - INFO - turning off 0 or already off
2024-06-26 14:20:19,422 - backend.modules.dac4D - INFO - dac_4d.vsource.channels[change.index]: index=0 bias_voltage=4.695 activated=False heading_text='NbN Detector' measuring=False
2024-06-26 14:20:20,655 - backend.util - INFO - Changes: ['Module index 3 (slot 3), channel 1: activated changed from False to True']
2024-06-26 14:20:20,656 - backend.modules.dac4D - INFO - turning on 1 or already on
2024-06-26 14:20:21,250 - backend.util - INFO - Changes: ['Module index 3 (slot 3), channel 1: bias_voltage changed from 0.0 to 0.1']
2024-06-26 14:20:21,250 - backend.modules.dac4D - INFO - turning on 1 or already on
2024-06-26 14:20:21,423 - backend.util - INFO - Changes: ['Module index 3 (slot 3), channel 1: bias_voltage changed from 0.1 to 0.2']
2024-06-26 14:20:21,423 - backend.modules.dac4D - INFO - turning on 1 or already on
2024-06-26 14:20:21,588 - backend.util - INFO - Changes: ['Module index 3 (slot 3), channel 1: bias_voltage changed from 0.2 to 0.3']
2024-06-26 14:20:21,588 - backend.modules.dac4D - INFO - turning on 1 or already on
2024-06-26 14:20:21,720 - backend.util - INFO - Changes: ['Module index 3 (slot 3), channel 1: bias_voltage changed from 0.3 to 0.4']
2024-06-26 14:20:21,721 - backend.modules.dac4D - INFO - turning on 1 or already on
2024-06-26 14:20:21,930 - backend.util - INFO - Changes: ['Module index 3 (slot 3), channel 1: bias_voltage changed from 0.4 to 0.41']
2024-06-26 14:20:21,930 - backend.modules.dac4D - INFO - turning on 1 or already on
2024-06-26 14:20:22,194 - backend.util - INFO - Changes: ['Module index 3 (slot 3), channel 1: bias_voltage changed from 0.41 to 0.42']
2024-06-26 14:20:22,195 - backend.modules.dac4D - INFO - turning on 1 or already on
2024-06-26 14:20:22,344 - backend.util - INFO - Changes: ['Module index 3 (slot 3), channel 1: bias_voltage changed from 0.42 to 0.43']
2024-06-26 14:20:22,345 - backend.modules.dac4D - INFO - turning on 1 or already on
2024-06-26 14:20:22,519 - backend.util - INFO - Changes: ['Module index 3 (slot 3), channel 1: bias_voltage changed from 0.43 to 0.431']
2024-06-26 14:20:22,519 - backend.modules.dac4D - INFO - turning on 1 or already on
2024-06-26 14:20:22,664 - backend.util - INFO - Changes: ['Module index 3 (slot 3), channel 1: bias_voltage changed from 0.431 to 0.432']
2024-06-26 14:20:22,664 - backend.modules.dac4D - INFO - turning on 1 or already on
2024-06-26 14:20:22,833 - backend.util - INFO - Changes: ['Module index 3 (slot 3), channel 1: bias_voltage changed from 0.432 to 0.433']
2024-06-26 14:20:22,833 - backend.modules.dac4D - INFO - turning on 1 or already on
2024-06-26 14:20:23,092 - backend.util - INFO - Changes: ['Module index 3 (slot 3), channel 1: bias_voltage changed from 0.433 to 0.533']
2024-06-26 14:20:23,093 - backend.modules.dac4D - INFO - turning on 1 or already on
2024-06-26 14:20:23,233 - backend.util - INFO - Changes: ['Module index 3 (slot 3), channel 1: bias_voltage changed from 0.533 to 0.633']
2024-06-26 14:20:23,233 - backend.modules.dac4D - INFO - turning on 1 or already on
2024-06-26 14:20:25,300 - backend.util - INFO - Changes: ['Module index 3 (slot 3), channel 1: activated changed from True to False']
2024-06-26 14:20:25,300 - backend.modules.dac4D - INFO - turning off 1 or already off
2024-06-26 14:20:25,300 - backend.modules.dac4D - INFO - dac_4d.vsource.channels[change.index]: index=1 bias_voltage=0.633 activated=False heading_text='' measuring=False
2024-06-26 14:20:27,086 - backend.util - INFO - Changes: ['Module index 3 (slot 3), channel 1: activated changed from False to True']
2024-06-26 14:20:27,086 - backend.modules.dac4D - INFO - turning on 1 or already on
2024-06-26 14:21:05,128 - backend.util - INFO - Changes: ['Module index 4 (slot 4), channel 11: bias_voltage changed from 1.854 to 3.323']
2024-06-26 14:21:05,129 - backend.modules.dac16D - INFO - change.index: 11
2024-06-26 14:21:05,129 - backend.modules.dac16D - INFO - turning on 11 or already on
2024-06-26 14:21:10,710 - backend.util - INFO - Changes: ['Module index 4 (slot 4), channel 11: bias_voltage changed from 3.323 to 1.854']
2024-06-26 14:21:10,710 - backend.modules.dac16D - INFO - change.index: 11
2024-06-26 14:21:10,710 - backend.modules.dac16D - INFO - turning on 11 or already on
2024-06-26 14:21:19,004 - backend.util - INFO - Changes: ['Module index 4 (slot 4), channel 12: bias_voltage changed from 1.854 to 5.0']
2024-06-26 14:21:19,005 - backend.modules.dac16D - INFO - change.index: 12
2024-06-26 14:21:19,005 - backend.modules.dac16D - INFO - turning on 12 or already on
2024-06-26 14:21:23,919 - backend.util - INFO - Changes: ['Module index 4 (slot 4), channel 12: bias_voltage changed from 5.0 to 1.258']
2024-06-26 14:21:23,920 - backend.modules.dac16D - INFO - change.index: 12
2024-06-26 14:21:23,920 - backend.modules.dac16D - INFO - turning on 12 or already on
2024-06-26 14:21:27,988 - backend.util - INFO - Changes: ['Module index 4 (slot 4), channel 13: bias_voltage changed from 1.854 to 1.558']
2024-06-26 14:21:27,989 - backend.modules.dac16D - INFO - change.index: 13
2024-06-26 14:21:27,990 - backend.modules.dac16D - INFO - turning on 13 or already on
2024-06-26 14:23:58,647 - backend.util - INFO - Changes: ['Module index 3 (slot 3), channel 0: heading_text changed from NbN Detector to NbN Detectorvhdjckkf']
2024-06-26 14:23:58,648 - backend.modules.dac4D - INFO - turning off 0 or already off
2024-06-26 14:23:58,648 - backend.modules.dac4D - INFO - dac_4d.vsource.channels[change.index]: index=0 bias_voltage=4.695 activated=False heading_text='NbN Detectorvhdjckkf' measuring=False
2024-06-26 14:24:00,570 - backend.util - INFO - Changes: []
2024-06-26 14:24:00,570 - backend.modules.dac4D - INFO - turning on 1 or already on
2024-06-26 14:24:06,287 - backend.util - INFO - Changes: []
2024-06-26 14:24:06,288 - backend.modules.dac4D - INFO - turning on 2 or already on
2024-06-26 14:24:07,504 - backend.util - INFO - Changes: []
2024-06-26 14:24:07,504 - backend.modules.dac4D - INFO - turning off 3 or already off
2024-06-26 14:24:07,504 - backend.modules.dac4D - INFO - dac_4d.vsource.channels[change.index]: index=3 bias_voltage=0.0 activated=False heading_text='' measuring=False
